{
  "timestamp": "2025-06-10T16:36:18.577Z",
  "totalDuration": 25271,
  "summary": {
    "total": 18,
    "passed": 14,
    "failed": 4
  },
  "details": {
    "agents": {
      "core": {
        "success": true,
        "duration": 2090,
        "code": 0,
        "stdout": "\n> @stacksleuth/core@0.1.0 build\n> tsc\n\n",
        "stderr": ""
      },
      "backend-agent": {
        "success": true,
        "duration": 1996,
        "code": 0,
        "stdout": "\n> @stacksleuth/backend-agent@0.1.0 build\n> tsc\n\n",
        "stderr": ""
      },
      "frontend-agent": {
        "success": true,
        "duration": 2137,
        "code": 0,
        "stdout": "\n> @stacksleuth/frontend-agent@0.1.0 build\n> tsc\n\n",
        "stderr": ""
      },
      "db-agent": {
        "success": true,
        "duration": 1995,
        "code": 0,
        "stdout": "\n> @stacksleuth/db-agent@0.1.0 build\n> tsc\n\n",
        "stderr": ""
      },
      "svelte-agent": {
        "success": true,
        "duration": 3427,
        "code": 0,
        "stdout": "error TS2724: '\"@stacksleuth/core\"' has no exported member named 'PerformanceMetrics'. Did you mean 'PerformanceUtils'?\n../redis-agent/src/index.ts(111,46): error TS2683: 'this' implicitly has type 'any' because it does not have a type annotation.\n../redis-agent/src/index.ts(112,9): error TS2683: 'this' implicitly has type 'any' because it does not have a type annotation.\n../redis-agent/src/index.ts(112,27): error TS2683: 'this' implicitly has type 'any' because it does not have a type annotation.\n../redis-agent/src/index.ts(113,9): error TS2683: 'this' implicitly has type 'any' because it does not have a type annotation.\n../redis-agent/src/index.ts(113,32): error TS2683: 'this' implicitly has type 'any' because it does not have a type annotation.\nsrc/index.ts(1,10): error TS2305: Module '\"@stacksleuth/core\"' has no exported member 'ProfilerCore'.\nsrc/index.ts(1,24): error TS2724: '\"@stacksleuth/core\"' has no exported member named 'PerformanceMetrics'. Did you mean 'PerformanceUtils'?\n",
        "stderr": "npm ERR! Lifecycle script `build` failed with error: \nnpm ERR! Error: command failed \nnpm ERR!   in workspace: @stacksleuth/svelte-agent@0.2.0 \nnpm ERR!   at location: /Users/jacklau/Documents/SlackSleuth/packages/svelte-agent \n"
      },
      "redis-agent": {
        "success": true,
        "duration": 3411,
        "code": 0,
        "stdout": "member 'ProfilerCore'.\nsrc/index.ts(1,24): error TS2724: '\"@stacksleuth/core\"' has no exported member named 'PerformanceMetrics'. Did you mean 'PerformanceUtils'?\nsrc/index.ts(111,46): error TS2683: 'this' implicitly has type 'any' because it does not have a type annotation.\nsrc/index.ts(112,9): error TS2683: 'this' implicitly has type 'any' because it does not have a type annotation.\nsrc/index.ts(112,27): error TS2683: 'this' implicitly has type 'any' because it does not have a type annotation.\nsrc/index.ts(113,9): error TS2683: 'this' implicitly has type 'any' because it does not have a type annotation.\nsrc/index.ts(113,32): error TS2683: 'this' implicitly has type 'any' because it does not have a type annotation.\n../svelte-agent/src/index.ts(1,10): error TS2305: Module '\"@stacksleuth/core\"' has no exported member 'ProfilerCore'.\n../svelte-agent/src/index.ts(1,24): error TS2724: '\"@stacksleuth/core\"' has no exported member named 'PerformanceMetrics'. Did you mean 'PerformanceUtils'?\n",
        "stderr": "npm ERR! Lifecycle script `build` failed with error: \nnpm ERR! Error: command failed \nnpm ERR!   in workspace: @stacksleuth/redis-agent@0.2.0 \nnpm ERR!   at location: /Users/jacklau/Documents/SlackSleuth/packages/redis-agent \n"
      },
      "fastapi-agent": {
        "success": true,
        "duration": 3449,
        "code": 0,
        "stdout": "e\"' has no exported member named 'PerformanceMetrics'. Did you mean 'PerformanceUtils'?\n../redis-agent/src/index.ts(111,46): error TS2683: 'this' implicitly has type 'any' because it does not have a type annotation.\n../redis-agent/src/index.ts(112,9): error TS2683: 'this' implicitly has type 'any' because it does not have a type annotation.\n../redis-agent/src/index.ts(112,27): error TS2683: 'this' implicitly has type 'any' because it does not have a type annotation.\n../redis-agent/src/index.ts(113,9): error TS2683: 'this' implicitly has type 'any' because it does not have a type annotation.\n../redis-agent/src/index.ts(113,32): error TS2683: 'this' implicitly has type 'any' because it does not have a type annotation.\n../svelte-agent/src/index.ts(1,10): error TS2305: Module '\"@stacksleuth/core\"' has no exported member 'ProfilerCore'.\n../svelte-agent/src/index.ts(1,24): error TS2724: '\"@stacksleuth/core\"' has no exported member named 'PerformanceMetrics'. Did you mean 'PerformanceUtils'?\n",
        "stderr": "npm ERR! Lifecycle script `build` failed with error: \nnpm ERR! Error: command failed \nnpm ERR!   in workspace: @stacksleuth/fastapi-agent@0.2.0 \nnpm ERR!   at location: /Users/jacklau/Documents/SlackSleuth/packages/fastapi-agent \n"
      },
      "browser-agent": {
        "success": true,
        "duration": 3432,
        "code": 0,
        "stdout": "e\"' has no exported member named 'PerformanceMetrics'. Did you mean 'PerformanceUtils'?\n../redis-agent/src/index.ts(111,46): error TS2683: 'this' implicitly has type 'any' because it does not have a type annotation.\n../redis-agent/src/index.ts(112,9): error TS2683: 'this' implicitly has type 'any' because it does not have a type annotation.\n../redis-agent/src/index.ts(112,27): error TS2683: 'this' implicitly has type 'any' because it does not have a type annotation.\n../redis-agent/src/index.ts(113,9): error TS2683: 'this' implicitly has type 'any' because it does not have a type annotation.\n../redis-agent/src/index.ts(113,32): error TS2683: 'this' implicitly has type 'any' because it does not have a type annotation.\n../svelte-agent/src/index.ts(1,10): error TS2305: Module '\"@stacksleuth/core\"' has no exported member 'ProfilerCore'.\n../svelte-agent/src/index.ts(1,24): error TS2724: '\"@stacksleuth/core\"' has no exported member named 'PerformanceMetrics'. Did you mean 'PerformanceUtils'?\n",
        "stderr": "npm ERR! Lifecycle script `build` failed with error: \nnpm ERR! Error: command failed \nnpm ERR!   in workspace: @stacksleuth/browser-agent@0.2.0 \nnpm ERR!   at location: /Users/jacklau/Documents/SlackSleuth/packages/browser-agent \n"
      },
      "cli": {
        "success": true,
        "duration": 2461,
        "code": 0,
        "stdout": "\n> @stacksleuth/cli@0.1.3 build\n> tsc\n\n",
        "stderr": ""
      }
    },
    "frameworks": {
      "svelte": {
        "success": false,
        "duration": 100,
        "code": 1,
        "stdout": "",
        "stderr": "node:internal/modules/cjs/loader:1408\n  throw err;\n  ^\n\nError: Cannot find module './packages/svelte-agent/dist/index.js'\nRequire stack:\n- /Users/jacklau/Documents/SlackSleuth/[eval]\n    at Function._resolveFilename (node:internal/modules/cjs/loader:1405:15)\n    at defaultResolveImpl (node:internal/modules/cjs/loader:1061:19)\n    at resolveForCJSWithHooks (node:internal/modules/cjs/loader:1066:22)\n    at Function._load (node:internal/modules/cjs/loader:1215:37)\n    at TracingChannel.traceSync (node:diagnostics_channel:322:14)\n    at wrapModuleLoad (node:internal/modules/cjs/loader:235:24)\n    at Module.require (node:internal/modules/cjs/loader:1491:12)\n    at require (node:internal/modules/helpers:135:16)\n    at [eval]:2:33\n    at runScriptInThisContext (node:internal/vm:209:10) {\n  code: 'MODULE_NOT_FOUND',\n  requireStack: [ '/Users/jacklau/Documents/SlackSleuth/[eval]' ]\n}\n\nNode.js v23.8.0\n"
      },
      "fastapi": {
        "success": false,
        "duration": 96,
        "code": 1,
        "stdout": "",
        "stderr": "node:internal/modules/cjs/loader:1408\n  throw err;\n  ^\n\nError: Cannot find module './packages/fastapi-agent/dist/index.js'\nRequire stack:\n- /Users/jacklau/Documents/SlackSleuth/[eval]\n    at Function._resolveFilename (node:internal/modules/cjs/loader:1405:15)\n    at defaultResolveImpl (node:internal/modules/cjs/loader:1061:19)\n    at resolveForCJSWithHooks (node:internal/modules/cjs/loader:1066:22)\n    at Function._load (node:internal/modules/cjs/loader:1215:37)\n    at TracingChannel.traceSync (node:diagnostics_channel:322:14)\n    at wrapModuleLoad (node:internal/modules/cjs/loader:235:24)\n    at Module.require (node:internal/modules/cjs/loader:1491:12)\n    at require (node:internal/modules/helpers:135:16)\n    at [eval]:2:34\n    at runScriptInThisContext (node:internal/vm:209:10) {\n  code: 'MODULE_NOT_FOUND',\n  requireStack: [ '/Users/jacklau/Documents/SlackSleuth/[eval]' ]\n}\n\nNode.js v23.8.0\n"
      }
    },
    "databases": {
      "redis": {
        "success": false,
        "duration": 96,
        "code": 1,
        "stdout": "",
        "stderr": "node:internal/modules/cjs/loader:1408\n  throw err;\n  ^\n\nError: Cannot find module './packages/redis-agent/dist/index.js'\nRequire stack:\n- /Users/jacklau/Documents/SlackSleuth/[eval]\n    at Function._resolveFilename (node:internal/modules/cjs/loader:1405:15)\n    at defaultResolveImpl (node:internal/modules/cjs/loader:1061:19)\n    at resolveForCJSWithHooks (node:internal/modules/cjs/loader:1066:22)\n    at Function._load (node:internal/modules/cjs/loader:1215:37)\n    at TracingChannel.traceSync (node:diagnostics_channel:322:14)\n    at wrapModuleLoad (node:internal/modules/cjs/loader:235:24)\n    at Module.require (node:internal/modules/cjs/loader:1491:12)\n    at require (node:internal/modules/helpers:135:16)\n    at [eval]:2:32\n    at runScriptInThisContext (node:internal/vm:209:10) {\n  code: 'MODULE_NOT_FOUND',\n  requireStack: [ '/Users/jacklau/Documents/SlackSleuth/[eval]' ]\n}\n\nNode.js v23.8.0\n"
      },
      "integration": {
        "success": true,
        "duration": 91,
        "code": 0,
        "stdout": "Testing Redis integration...\nTesting MySQL integration...\nTesting Supabase integration...\nDatabase integration tests completed\n",
        "stderr": ""
      }
    },
    "performance": {
      "memory": {
        "success": true,
        "duration": 95,
        "code": 0,
        "stdout": "Start memory: 3.54 MB\nEnd memory: 4.87 MB\nMemory optimization test completed\n",
        "stderr": ""
      },
      "cpu": {
        "success": true,
        "duration": 99,
        "code": 0,
        "stdout": "CPU test duration: 0.60 ms\nCPU optimization test completed\n",
        "stderr": ""
      },
      "visualizations": {
        "success": true,
        "duration": 90,
        "code": 0,
        "stdout": "✅ Dashboard package found\nTesting real-time chart capabilities...\nTesting performance overlay features...\nVisualization tests completed\n",
        "stderr": ""
      }
    },
    "browser": {
      "automation": {
        "success": false,
        "duration": 94,
        "code": 1,
        "stdout": "",
        "stderr": "node:internal/modules/cjs/loader:1408\n  throw err;\n  ^\n\nError: Cannot find module './packages/browser-agent/dist/index.js'\nRequire stack:\n- /Users/jacklau/Documents/SlackSleuth/[eval]\n    at Function._resolveFilename (node:internal/modules/cjs/loader:1405:15)\n    at defaultResolveImpl (node:internal/modules/cjs/loader:1061:19)\n    at resolveForCJSWithHooks (node:internal/modules/cjs/loader:1066:22)\n    at Function._load (node:internal/modules/cjs/loader:1215:37)\n    at TracingChannel.traceSync (node:diagnostics_channel:322:14)\n    at wrapModuleLoad (node:internal/modules/cjs/loader:235:24)\n    at Module.require (node:internal/modules/cjs/loader:1491:12)\n    at require (node:internal/modules/helpers:135:16)\n    at [eval]:2:34\n    at runScriptInThisContext (node:internal/vm:209:10) {\n  code: 'MODULE_NOT_FOUND',\n  requireStack: [ '/Users/jacklau/Documents/SlackSleuth/[eval]' ]\n}\n\nNode.js v23.8.0\n"
      }
    },
    "cicd": {
      "github_actions": {
        "success": true,
        "duration": 93,
        "code": 0,
        "stdout": "✅ Performance benchmarks found in workflow\n✅ Load testing found in workflow\n✅ Security checks found in workflow\nCI/CD integration test completed\n",
        "stderr": ""
      }
    }
  }
}